<?xml version="1.0" encoding="UTF-8"?>
<!-- Generated by org.testng.reporters.JUnitReportReporter -->
<testsuite skipped="0" hostname="DESKTOP-GEDTK2H" name="serviceHub.Test.Login" tests="1" failures="0" timestamp="08 Jun 2019 05:55:35 GMT" time="6.505" errors="0">
  <testcase name="LoginTest" time="6.505" classname="serviceHub.Test.Login"/>
</testsuite> <!-- serviceHub.Test.Login -->
